2023-01-20T12:32:25+00:00 DEBUG POST: https://business-api.tiktok.com/open_api/v1.2/tbp/business_profile/disconnect/

{"external_business_id":false,"business_platform":"WOO_COMMERCE","is_setup_page":0,"app_id":false}
 ajax: no
2023-01-20T12:32:27+00:00 DEBUG Tt4b_Mapi_Class::mapi_post: Response: 

HTTP/1.1 200 OK
Server: nginx
Content-Type: application/json; charset=utf-8
Content-Length: 103
X-Api-Deprecation-Info: API for Business Version 1.3 is now live. To avoid disruption to your business, we recommend you migrate all calls to v1.3 as soon as possible. Please visit our migration guide for more details: https://ads.tiktok.com/marketing_api/docs?id=1740029169927169
X-Domain-Change-Info: We have moved to the new domain business-api.tiktok.com for API services after the Platform Upgrade on 09/30/2021. Please update all of your requests with the new domain if you haven't done so already. For more information, please visit https://ads.tiktok.com/marketing_api/docs?rid=esb88xalm6m&id=1709207085043713
X-Tt-Logid: 202301201332267C509FC91E23F42E20BD
Server-Timing: inner; dur=6
x-tt-trace-host: 017afd26eb587947d7c372c3fe4129a0463b1be6beffc5664949018b0e2378872e39b4df45fa7b426c07ad6af709a6ec6f3e6c21b9ef20fe85e9dc23e134178e8fd42aa637e298f55fb3ec04b770103fb98ebd516e490cce5262077c47cf192008
Expires: Fri, 20 Jan 2023 13:32:28 GMT
Cache-Control: max-age=0, no-cache, no-store
Pragma: no-cache
Date: Fri, 20 Jan 2023 13:32:28 GMT
X-Cache: TCP_MISS from a23-72-226-78.deploy.akamaitechnologies.com (AkamaiGHost/10.10.3-45298580) (-)
Connection: close
x-tt-trace-tag: id=16;cdn-cache=miss;type=dyn
Server-Timing: cdn-cache; desc=MISS, edge; dur=0, origin; dur=976
X-Origin-Response-Time: 976,23.72.226.78
X-Akamai-Request-ID: 15287f50

{"code":40104,"message":"The access_token is empty.","request_id":"202301201332267C509FC91E23F42E20BD"}

2023-01-20T12:32:27+00:00 DEBUG POST: https://business-api.tiktok.com/tbp/v2.0/shop/connection/disconnect?external_data=

--- EMPTY STRING ---
 ajax: no
2023-01-20T12:32:27+00:00 DEBUG Tt4b_Mapi_Class::tts_shop_disconnect: Response: 

HTTP/1.1 200 OK
Server: nginx
Content-Type: application/json; charset=utf-8
Content-Length: 95
X-Api-Deprecation-Info: API for Business Version 1.3 is now live. To avoid disruption to your business, we recommend you migrate all calls to v1.3 as soon as possible. Please visit our migration guide for more details: https://ads.tiktok.com/marketing_api/docs?id=1740029169927169
X-Domain-Change-Info: We have moved to the new domain business-api.tiktok.com for API services after the Platform Upgrade on 09/30/2021. Please update all of your requests with the new domain if you haven't done so already. For more information, please visit https://ads.tiktok.com/marketing_api/docs?rid=esb88xalm6m&id=1709207085043713
X-Tt-Logid: 20230120133227FF76740097D0842DB08C
x-tt-trace-host: 017afd26eb587947d7c372c3fe4129a046f5f4b190bcadc8c3ca32c0fb64a6e00da63a8947a8f5f4b2803ed9a2784b3e626bfb594310c0da764e21f4e2da7c327022df74676e718a599dff2094fd8c48a534dcc27b18dc3503867c0cc3f9ba1818cc9bff97d9d27b0b69328a7051c6dd8e
X-Origin-Response-Time: 17,23.44.4.132
X-Akamai-Request-ID: 18a78ae.15288e2c
Expires: Fri, 20 Jan 2023 13:32:28 GMT
Cache-Control: max-age=0, no-cache, no-store
Pragma: no-cache
Date: Fri, 20 Jan 2023 13:32:28 GMT
X-Cache: TCP_MISS from a23-72-226-78.deploy.akamaitechnologies.com (AkamaiGHost/10.10.3-45298580) (-)
Connection: close
X-Cache-Remote: TCP_MISS from a23-44-4-132.deploy.akamaitechnologies.com (AkamaiGHost/10.10.3-45298580) (-)
x-tt-trace-tag: id=16;cdn-cache=miss;type=dyn
Server-Timing: cdn-cache; desc=MISS, edge; dur=155, origin; dur=17
Server-Timing: inner; dur=13
X-Parent-Response-Time: 172,23.72.226.78

{"code":40001,"message":"Permission denied.","request_id":"20230120133227FF76740097D0842DB08C"}

